生成启动时间为 2014/12/17 星期三 11:46:03。
     1>项目“E:\Github\RobotSystem_New\RobotUI\RobotNetwork\RobotNetwork.vcxproj”在节点 2 上(build 个目标)。
     1>InitializeBuildStatus:
         正在创建“Debug\RobotNetwork.unsuccessfulbuild”，因为已指定“AlwaysCreate”。
       ClCompile:
         C:\Program Files (x86)\Microsoft Visual Studio 10.0\VC\bin\CL.exe /c /ZI /nologo /W3 /WX- /Od /Oy- /D WIN32 /D _DEBUG /D _WINDOWS /D _USRDLL /D ROBOTNETWORK_EXPORTS /D _WINDLL /D _UNICODE /D UNICODE /Gm /EHsc /RTC1 /MDd /GS /fp:precise /Zc:wchar_t /Zc:forScope /Yc"StdAfx.h" /Fp"Debug\RobotNetwork.pch" /Fo"Debug\\" /Fd"Debug\vc100.pdb" /Gd /TP /analyze- /errorReport:prompt stdafx.cpp
         stdafx.cpp
         C:\Program Files (x86)\Microsoft Visual Studio 10.0\VC\bin\CL.exe /c /ZI /nologo /W3 /WX- /Od /Oy- /D WIN32 /D _DEBUG /D _WINDOWS /D _USRDLL /D ROBOTNETWORK_EXPORTS /D _WINDLL /D _UNICODE /D UNICODE /Gm /EHsc /RTC1 /MDd /GS /fp:precise /Zc:wchar_t /Zc:forScope /Fo"Debug\\" /Fd"Debug\vc100.pdb" /Gd /TP /analyze- /errorReport:prompt dllmain.cpp
         dllmain.cpp
         C:\Program Files (x86)\Microsoft Visual Studio 10.0\VC\bin\CL.exe /c /ZI /nologo /W3 /WX- /Od /Oy- /D WIN32 /D _DEBUG /D _WINDOWS /D _USRDLL /D ROBOTNETWORK_EXPORTS /D _WINDLL /D _UNICODE /D UNICODE /Gm /EHsc /RTC1 /MDd /GS /fp:precise /Zc:wchar_t /Zc:forScope /Yu"StdAfx.h" /Fp"Debug\RobotNetwork.pch" /Fo"Debug\\" /Fd"Debug\vc100.pdb" /Gd /TP /analyze- /errorReport:prompt RobotNetwork.cpp
         RobotNetwork.cpp
       ManifestResourceCompile:
         C:\Program Files (x86)\Microsoft SDKs\Windows\v7.0A\bin\rc.exe /nologo /fo"Debug\RobotNetwork.dll.embed.manifest.res" Debug\RobotNetwork_manifest.rc 
       Link:
         C:\Program Files (x86)\Microsoft Visual Studio 10.0\VC\bin\link.exe /ERRORREPORT:PROMPT /OUT:"E:\Github\RobotSystem_New\RobotUI\Debug\RobotNetwork.dll" /INCREMENTAL /NOLOGO kernel32.lib user32.lib gdi32.lib winspool.lib comdlg32.lib advapi32.lib shell32.lib ole32.lib oleaut32.lib uuid.lib odbc32.lib odbccp32.lib /MANIFEST /ManifestFile:"Debug\RobotNetwork.dll.intermediate.manifest" /MANIFESTUAC:"level='asInvoker' uiAccess='false'" /DEBUG /PDB:"E:\Github\RobotSystem_New\RobotUI\Debug\RobotNetwork.pdb" /SUBSYSTEM:WINDOWS /TLBID:1 /DYNAMICBASE /NXCOMPAT /IMPLIB:"E:\Github\RobotSystem_New\RobotUI\Debug\RobotNetwork.lib" /MACHINE:X86 /DLL Debug\RobotNetwork.dll.embed.manifest.res
         Debug\dllmain.obj
         Debug\RobotNetwork.obj
         Debug\stdafx.obj
            正在创建库 E:\Github\RobotSystem_New\RobotUI\Debug\RobotNetwork.lib 和对象 E:\Github\RobotSystem_New\RobotUI\Debug\RobotNetwork.exp
       Manifest:
         C:\Program Files (x86)\Microsoft SDKs\Windows\v7.0A\bin\mt.exe /nologo /verbose /out:"Debug\RobotNetwork.dll.embed.manifest" /manifest Debug\RobotNetwork.dll.intermediate.manifest
         所有输出均为最新。
       LinkEmbedManifest:
         所有输出均为最新。
         RobotNetwork.vcxproj -> E:\Github\RobotSystem_New\RobotUI\Debug\RobotNetwork.dll
       FinalizeBuildStatus:
         正在删除文件“Debug\RobotNetwork.unsuccessfulbuild”。
         正在对“Debug\RobotNetwork.lastbuildstate”执行 Touch 任务。
     1>已完成生成项目“E:\Github\RobotSystem_New\RobotUI\RobotNetwork\RobotNetwork.vcxproj”(build 个目标)的操作。

生成成功。

已用时间 00:00:05.46
