生成启动时间为 2014/12/29 星期一 14:51:16。
     1>项目“E:\Github\RobotSystem_New\RobotUI\VirtualVision\VirtualVision.vcxproj”在节点 3 上(build 个目标)。
     1>InitializeBuildStatus:
         正在创建“Debug\VirtualVision.unsuccessfulbuild”，因为已指定“AlwaysCreate”。
       ClCompile:
         所有输出均为最新。
         所有输出均为最新。
         所有输出均为最新。
       ManifestResourceCompile:
         所有输出均为最新。
       Link:
         C:\Program Files (x86)\Microsoft Visual Studio 10.0\VC\bin\link.exe /ERRORREPORT:PROMPT /OUT:"E:\Github\RobotSystem_New\RobotUI\Debug\VirtualVision.dll" /INCREMENTAL /NOLOGO kernel32.lib user32.lib gdi32.lib winspool.lib comdlg32.lib advapi32.lib shell32.lib ole32.lib oleaut32.lib uuid.lib odbc32.lib odbccp32.lib /MANIFEST /ManifestFile:"Debug\VirtualVision.dll.intermediate.manifest" /MANIFESTUAC:"level='asInvoker' uiAccess='false'" /DEBUG /PDB:"E:\Github\RobotSystem_New\RobotUI\Debug\VirtualVision.pdb" /SUBSYSTEM:WINDOWS /TLBID:1 /DYNAMICBASE /NXCOMPAT /IMPLIB:"E:\Github\RobotSystem_New\RobotUI\Debug\VirtualVision.lib" /MACHINE:X86 /DLL Debug\VirtualVision.dll.embed.manifest.res
         Debug\dllmain.obj
         Debug\stdafx.obj
         Debug\VirtualVision.obj
            正在创建库 E:\Github\RobotSystem_New\RobotUI\Debug\VirtualVision.lib 和对象 E:\Github\RobotSystem_New\RobotUI\Debug\VirtualVision.exp
       Manifest:
         C:\Program Files (x86)\Microsoft SDKs\Windows\v7.0A\bin\mt.exe /nologo /verbose /out:"Debug\VirtualVision.dll.embed.manifest" /manifest Debug\VirtualVision.dll.intermediate.manifest
         所有输出均为最新。
       LinkEmbedManifest:
         所有输出均为最新。
         VirtualVision.vcxproj -> E:\Github\RobotSystem_New\RobotUI\Debug\VirtualVision.dll
       FinalizeBuildStatus:
         正在删除文件“Debug\VirtualVision.unsuccessfulbuild”。
         正在对“Debug\VirtualVision.lastbuildstate”执行 Touch 任务。
     1>已完成生成项目“E:\Github\RobotSystem_New\RobotUI\VirtualVision\VirtualVision.vcxproj”(build 个目标)的操作。

生成成功。

已用时间 00:00:00.87
