E:\GITHUB\ROBOTSYSTEM_NEW\ROBOTUI\DEBUG\VIRTUALVISION.DLL
E:\Github\RobotSystem_New\RobotUI\Debug\VirtualVision.exp
E:\GITHUB\ROBOTSYSTEM_NEW\ROBOTUI\DEBUG\VIRTUALVISION.ILK
E:\Github\RobotSystem_New\RobotUI\Debug\VirtualVision.lib
E:\GITHUB\ROBOTSYSTEM_NEW\ROBOTUI\DEBUG\VIRTUALVISION.PDB
E:\Github\RobotSystem_New\RobotUI\VirtualVision\Debug\cl.command.1.tlog
E:\Github\RobotSystem_New\RobotUI\VirtualVision\Debug\CL.read.1.tlog
E:\Github\RobotSystem_New\RobotUI\VirtualVision\Debug\CL.write.1.tlog
E:\GITHUB\ROBOTSYSTEM_NEW\ROBOTUI\VIRTUALVISION\DEBUG\DLLMAIN.OBJ
E:\Github\RobotSystem_New\RobotUI\VirtualVision\Debug\link.1252.read.1.tlog
E:\Github\RobotSystem_New\RobotUI\VirtualVision\Debug\link.1252.write.1.tlog
E:\Github\RobotSystem_New\RobotUI\VirtualVision\Debug\link.1252-cvtres.read.1.tlog
E:\Github\RobotSystem_New\RobotUI\VirtualVision\Debug\link.1252-cvtres.write.1.tlog
E:\Github\RobotSystem_New\RobotUI\VirtualVision\Debug\link.3972.read.1.tlog
E:\Github\RobotSystem_New\RobotUI\VirtualVision\Debug\link.3972.write.1.tlog
E:\Github\RobotSystem_New\RobotUI\VirtualVision\Debug\link.3972-cvtres.read.1.tlog
E:\Github\RobotSystem_New\RobotUI\VirtualVision\Debug\link.3972-cvtres.write.1.tlog
E:\Github\RobotSystem_New\RobotUI\VirtualVision\Debug\link.5060.read.1.tlog
E:\Github\RobotSystem_New\RobotUI\VirtualVision\Debug\link.5060.write.1.tlog
E:\Github\RobotSystem_New\RobotUI\VirtualVision\Debug\link.5060-cvtres.read.1.tlog
E:\Github\RobotSystem_New\RobotUI\VirtualVision\Debug\link.5060-cvtres.write.1.tlog
E:\Github\RobotSystem_New\RobotUI\VirtualVision\Debug\link.6136.read.1.tlog
E:\Github\RobotSystem_New\RobotUI\VirtualVision\Debug\link.6136.write.1.tlog
E:\Github\RobotSystem_New\RobotUI\VirtualVision\Debug\link.6136-cvtres.read.1.tlog
E:\Github\RobotSystem_New\RobotUI\VirtualVision\Debug\link.6136-cvtres.write.1.tlog
E:\Github\RobotSystem_New\RobotUI\VirtualVision\Debug\link.7048.read.1.tlog
E:\Github\RobotSystem_New\RobotUI\VirtualVision\Debug\link.7048.write.1.tlog
E:\Github\RobotSystem_New\RobotUI\VirtualVision\Debug\link.7048-cvtres.read.1.tlog
E:\Github\RobotSystem_New\RobotUI\VirtualVision\Debug\link.7048-cvtres.write.1.tlog
E:\Github\RobotSystem_New\RobotUI\VirtualVision\Debug\link.command.1.tlog
E:\Github\RobotSystem_New\RobotUI\VirtualVision\Debug\link.read.1.tlog
E:\Github\RobotSystem_New\RobotUI\VirtualVision\Debug\link.write.1.tlog
E:\Github\RobotSystem_New\RobotUI\VirtualVision\Debug\link-cvtres.read.1.tlog
E:\Github\RobotSystem_New\RobotUI\VirtualVision\Debug\link-cvtres.write.1.tlog
E:\Github\RobotSystem_New\RobotUI\VirtualVision\Debug\mt.command.1.tlog
E:\Github\RobotSystem_New\RobotUI\VirtualVision\Debug\mt.read.1.tlog
E:\Github\RobotSystem_New\RobotUI\VirtualVision\Debug\mt.write.1.tlog
E:\Github\RobotSystem_New\RobotUI\VirtualVision\Debug\rc.command.1.tlog
E:\Github\RobotSystem_New\RobotUI\VirtualVision\Debug\rc.read.1.tlog
E:\Github\RobotSystem_New\RobotUI\VirtualVision\Debug\rc.write.1.tlog
E:\GITHUB\ROBOTSYSTEM_NEW\ROBOTUI\VIRTUALVISION\DEBUG\STDAFX.OBJ
E:\Github\RobotSystem_New\RobotUI\VirtualVision\Debug\vc100.idb
E:\GITHUB\ROBOTSYSTEM_NEW\ROBOTUI\VIRTUALVISION\DEBUG\VC100.PDB
E:\GITHUB\ROBOTSYSTEM_NEW\ROBOTUI\VIRTUALVISION\DEBUG\VIRTUALVISION.DLL.EMBED.MANIFEST
E:\GITHUB\ROBOTSYSTEM_NEW\ROBOTUI\VIRTUALVISION\DEBUG\VIRTUALVISION.DLL.EMBED.MANIFEST.RES
E:\GITHUB\ROBOTSYSTEM_NEW\ROBOTUI\VIRTUALVISION\DEBUG\VIRTUALVISION.DLL.INTERMEDIATE.MANIFEST
E:\GITHUB\ROBOTSYSTEM_NEW\ROBOTUI\VIRTUALVISION\DEBUG\VIRTUALVISION.OBJ
E:\GITHUB\ROBOTSYSTEM_NEW\ROBOTUI\VIRTUALVISION\DEBUG\VIRTUALVISION.PCH
E:\Github\RobotSystem_New\RobotUI\VirtualVision\Debug\VirtualVision.vcxprojResolveAssemblyReference.cache
E:\Github\RobotSystem_New\RobotUI\VirtualVision\Debug\VirtualVision.write.1.tlog
E:\Github\RobotSystem_New\RobotUI\VirtualVision\Debug\VirtualVision_manifest.rc
