生成启动时间为 2014/12/17 星期三 21:32:37。
     1>项目“E:\Github\RobotSystem_New\RobotUI\Backstage\Backstage.vcxproj”在节点 2 上(build 个目标)。
     1>PrepareForBuild:
         正在创建目录“E:\Github\RobotSystem_New\RobotUI\Debug\”。
       InitializeBuildStatus:
         正在创建“Debug\Backstage.unsuccessfulbuild”，因为已指定“AlwaysCreate”。
       ClCompile:
         所有输出均为最新。
         所有输出均为最新。
         所有输出均为最新。
       ManifestResourceCompile:
         所有输出均为最新。
       Link:
         C:\Program Files (x86)\Microsoft Visual Studio 10.0\VC\bin\link.exe /ERRORREPORT:PROMPT /OUT:"E:\Github\RobotSystem_New\RobotUI\Debug\Backstage.dll" /INCREMENTAL /NOLOGO kernel32.lib user32.lib gdi32.lib winspool.lib comdlg32.lib advapi32.lib shell32.lib ole32.lib oleaut32.lib uuid.lib odbc32.lib odbccp32.lib /MANIFEST /ManifestFile:"Debug\Backstage.dll.intermediate.manifest" /MANIFESTUAC:"level='asInvoker' uiAccess='false'" /DEBUG /PDB:"E:\Github\RobotSystem_New\RobotUI\Debug\Backstage.pdb" /SUBSYSTEM:WINDOWS /TLBID:1 /DYNAMICBASE /NXCOMPAT /IMPLIB:"E:\Github\RobotSystem_New\RobotUI\Debug\Backstage.lib" /MACHINE:X86 /DLL Debug\Backstage.dll.embed.manifest.res
         Debug\Allocater.obj
         Debug\Backstage.obj
         Debug\dllmain.obj
         Debug\Encoder.obj
         Debug\Networker.obj
         Debug\stdafx.obj
            正在创建库 E:\Github\RobotSystem_New\RobotUI\Debug\Backstage.lib 和对象 E:\Github\RobotSystem_New\RobotUI\Debug\Backstage.exp
       Manifest:
         C:\Program Files (x86)\Microsoft SDKs\Windows\v7.0A\bin\mt.exe /nologo /verbose /out:"Debug\Backstage.dll.embed.manifest" /manifest Debug\Backstage.dll.intermediate.manifest
         所有输出均为最新。
       LinkEmbedManifest:
         所有输出均为最新。
         Backstage.vcxproj -> E:\Github\RobotSystem_New\RobotUI\Debug\Backstage.dll
       FinalizeBuildStatus:
         正在删除文件“Debug\Backstage.unsuccessfulbuild”。
         正在对“Debug\Backstage.lastbuildstate”执行 Touch 任务。
     1>已完成生成项目“E:\Github\RobotSystem_New\RobotUI\Backstage\Backstage.vcxproj”(build 个目标)的操作。

生成成功。

已用时间 00:00:01.25
