E:\GITHUB\ROBOTSYSTEM_NEW\ROBOTUI\BACKSTAGE\DEBUG\ALLOCATER.OBJ
E:\Github\RobotSystem_New\RobotUI\Backstage\Debug\Backstage.dll.embed.manifest
E:\GITHUB\ROBOTSYSTEM_NEW\ROBOTUI\BACKSTAGE\DEBUG\BACKSTAGE.DLL.EMBED.MANIFEST.RES
E:\Github\RobotSystem_New\RobotUI\Backstage\Debug\Backstage.dll.intermediate.manifest
E:\GITHUB\ROBOTSYSTEM_NEW\ROBOTUI\BACKSTAGE\DEBUG\BACKSTAGE.OBJ
E:\GITHUB\ROBOTSYSTEM_NEW\ROBOTUI\BACKSTAGE\DEBUG\BACKSTAGE.PCH
E:\Github\RobotSystem_New\RobotUI\Backstage\Debug\Backstage.write.1.tlog
E:\Github\RobotSystem_New\RobotUI\Backstage\Debug\Backstage_manifest.rc
E:\Github\RobotSystem_New\RobotUI\Backstage\Debug\cl.command.1.tlog
E:\Github\RobotSystem_New\RobotUI\Backstage\Debug\CL.read.1.tlog
E:\Github\RobotSystem_New\RobotUI\Backstage\Debug\CL.write.1.tlog
E:\GITHUB\ROBOTSYSTEM_NEW\ROBOTUI\BACKSTAGE\DEBUG\DLLMAIN.OBJ
E:\GITHUB\ROBOTSYSTEM_NEW\ROBOTUI\BACKSTAGE\DEBUG\ENCODER.OBJ
E:\GITHUB\ROBOTSYSTEM_NEW\ROBOTUI\BACKSTAGE\DEBUG\FILTER.OBJ
E:\Github\RobotSystem_New\RobotUI\Backstage\Debug\link.command.1.tlog
E:\Github\RobotSystem_New\RobotUI\Backstage\Debug\link.read.1.tlog
E:\Github\RobotSystem_New\RobotUI\Backstage\Debug\link.write.1.tlog
E:\Github\RobotSystem_New\RobotUI\Backstage\Debug\link-cvtres.read.1.tlog
E:\Github\RobotSystem_New\RobotUI\Backstage\Debug\link-cvtres.write.1.tlog
E:\GITHUB\ROBOTSYSTEM_NEW\ROBOTUI\BACKSTAGE\DEBUG\NETWORKER.OBJ
E:\Github\RobotSystem_New\RobotUI\Backstage\Debug\rc.command.1.tlog
E:\Github\RobotSystem_New\RobotUI\Backstage\Debug\rc.read.1.tlog
E:\Github\RobotSystem_New\RobotUI\Backstage\Debug\rc.write.1.tlog
E:\Github\RobotSystem_New\RobotUI\Backstage\Debug\vc100.idb
E:\GITHUB\ROBOTSYSTEM_NEW\ROBOTUI\BACKSTAGE\DEBUG\VC100.PDB
E:\Github\RobotSystem_New\RobotUI\Debug\Backstage.pdb
